<?xml version="1.0" encoding="UTF-8"?>
<testng-results ignored="0" total="1" passed="1" failed="0" skipped="0">
  <reporter-output>
  </reporter-output>
  <suite started-at="2024-07-21T09:35:27 IST" name="Default suite" finished-at="2024-07-21T09:35:27 IST" duration-ms="71">
    <groups>
    </groups>
    <test started-at="2024-07-21T09:35:27 IST" name="Default test" finished-at="2024-07-21T09:35:27 IST" duration-ms="71">
      <class name="Project.Selenium.HandlingAlert">
        <test-method signature="alertPopUp()[pri:0, instance:Project.Selenium.HandlingAlert@3e6ef8ad]" started-at="2024-07-21T09:35:27 IST" name="alertPopUp" finished-at="2024-07-21T09:35:27 IST" duration-ms="15" status="PASS">
          <reporter-output>
          </reporter-output>
        </test-method> <!-- alertPopUp -->
      </class> <!-- Project.Selenium.HandlingAlert -->
    </test> <!-- Default test -->
  </suite> <!-- Default suite -->
</testng-results>
